<?xml version="1.0" encoding="utf-8"?><testsuites name="pytest tests"><testsuite name="pytest" errors="0" failures="0" skipped="0" tests="25" time="3.326" timestamp="2026-06-11T16:58:48.082809+00:00" hostname="agent-env-810d8df9-bee9-4855-a267-5f911dc671fd"><testcase classname="backend.tests.test_backend.TestAuth" name="test_register_duplicate_pseudo" time="0.581" /><testcase classname="backend.tests.test_backend.TestAuth" name="test_login_ok" time="0.277" /><testcase classname="backend.tests.test_backend.TestAuth" name="test_login_bad_pin" time="0.272" /><testcase classname="backend.tests.test_backend.TestAuth" name="test_me" time="0.053" /><testcase classname="backend.tests.test_backend.TestAuth" name="test_pin_format" time="0.049" /><testcase classname="backend.tests.test_backend.TestMatches" name="test_dates_includes_final" time="0.056" /><testcase classname="backend.tests.test_backend.TestMatches" name="test_grouped_final" time="0.052" /><testcase classname="backend.tests.test_backend.TestMatches" name="test_grouped_r32" time="0.051" /><testcase classname="backend.tests.test_backend.TestMatches" name="test_grouped_group_phase_regression" time="0.052" /><testcase classname="backend.tests.test_backend.TestPredictions" name="test_create_prediction_group" time="0.111" /><testcase classname="backend.tests.test_backend.TestPredictions" name="test_create_prediction_knockout" time="0.103" /><testcase classname="backend.tests.test_backend.TestPredictions" name="test_predictions_me" time="0.051" /><testcase classname="backend.tests.test_backend.TestLeaderboardDashboard" name="test_leaderboard" time="0.049" /><testcase classname="backend.tests.test_backend.TestLeaderboardDashboard" name="test_dashboard" time="0.296" /><testcase classname="backend.tests.test_backend.TestLeagues" name="test_create_league" time="0.051" /><testcase classname="backend.tests.test_backend.TestLeagues" name="test_create_league_unauth" time="0.049" /><testcase classname="backend.tests.test_backend.TestLeagues" name="test_join_league_invalid_code" time="0.323" /><testcase classname="backend.tests.test_backend.TestLeagues" name="test_join_league_ok" time="0.049" /><testcase classname="backend.tests.test_backend.TestLeagues" name="test_join_league_idempotent" time="0.050" /><testcase classname="backend.tests.test_backend.TestLeagues" name="test_my_leagues" time="0.051" /><testcase classname="backend.tests.test_backend.TestLeagues" name="test_get_league_member" time="0.048" /><testcase classname="backend.tests.test_backend.TestLeagues" name="test_get_league_forbidden" time="0.323" /><testcase classname="backend.tests.test_backend.TestLeagues" name="test_league_leaderboard" time="0.049" /><testcase classname="backend.tests.test_backend.TestLeagues" name="test_leave_member" time="0.103" /><testcase classname="backend.tests.test_backend.TestLeagues" name="test_leave_owner_deletes" time="0.103" /></testsuite></testsuites>