<?xml version="1.0" encoding="utf-8"?><testsuites name="pytest tests"><testsuite name="pytest" errors="0" failures="0" skipped="0" tests="14" time="2.472" timestamp="2026-06-10T22:22:12.031979+00:00" hostname="agent-env-810d8df9-bee9-4855-a267-5f911dc671fd"><testcase classname="backend.tests.test_backend.TestAuth" name="test_register_duplicate_email" time="0.525" /><testcase classname="backend.tests.test_backend.TestAuth" name="test_register_duplicate_pseudo" time="0.048" /><testcase classname="backend.tests.test_backend.TestAuth" name="test_login_ok" time="0.271" /><testcase classname="backend.tests.test_backend.TestAuth" name="test_login_bad" time="0.270" /><testcase classname="backend.tests.test_backend.TestAuth" name="test_me" time="0.059" /><testcase classname="backend.tests.test_backend.TestMatches" name="test_dates" time="0.052" /><testcase classname="backend.tests.test_backend.TestMatches" name="test_grouped_qatar_suisse" time="0.056" /><testcase classname="backend.tests.test_backend.TestMatches" name="test_grouped_bresil_maroc_haiti_ecosse" time="0.056" /><testcase classname="backend.tests.test_backend.TestStandings" name="test_group_a" time="0.051" /><testcase classname="backend.tests.test_backend.TestPredictionsAndPoints" name="test_create_and_update_prediction" time="0.198" /><testcase classname="backend.tests.test_backend.TestPredictionsAndPoints" name="test_admin_bad_token" time="0.146" /><testcase classname="backend.tests.test_backend.TestPredictionsAndPoints" name="test_full_points_flow" time="0.521" /><testcase classname="backend.tests.test_backend.TestLeaderboardDashboard" name="test_leaderboard" time="0.051" /><testcase classname="backend.tests.test_backend.TestLeaderboardDashboard" name="test_dashboard" time="0.057" /></testsuite></testsuites>